2026-02-10 20:05:02,370 - __main__ - INFO - Starting Library Assistant Chatbot application...
2026-02-10 20:05:02,792 - werkzeug - INFO - [31m[1mWARNING: This is a development server. Do not use it in a production deployment. Use a production WSGI server instead.[0m
 * Running on all addresses (0.0.0.0)
 * Running on http://127.0.0.1:5000
 * Running on http://10.120.11.230:5000
2026-02-10 20:05:02,792 - werkzeug - INFO - [33mPress CTRL+C to quit[0m
2026-02-10 20:05:22,815 - __main__ - DEBUG - Request Endpoint: index
2026-02-10 20:05:22,815 - __main__ - DEBUG - Request Method: GET
2026-02-10 20:05:22,816 - __main__ - DEBUG - Request Args: ImmutableMultiDict([])
2026-02-10 20:05:22,820 - __main__ - DEBUG - Request Form: ImmutableMultiDict([])
2026-02-10 20:05:22,820 - __main__ - INFO - Index route accessed.
2026-02-10 20:05:22,820 - __main__ - INFO - Username found in session. Rendering index.html.
2026-02-10 20:05:22,832 - werkzeug - INFO - 127.0.0.1 - - [10/Feb/2026 20:05:22] "GET / HTTP/1.1" 200 -
2026-02-10 20:05:22,887 - __main__ - DEBUG - Request Endpoint: static
2026-02-10 20:05:22,888 - __main__ - DEBUG - Request Endpoint: static
2026-02-10 20:05:22,888 - __main__ - DEBUG - Request Method: GET
2026-02-10 20:05:22,888 - __main__ - DEBUG - Request Method: GET
2026-02-10 20:05:22,889 - __main__ - DEBUG - Request Args: ImmutableMultiDict([])
2026-02-10 20:05:22,890 - __main__ - DEBUG - Request Form: ImmutableMultiDict([])
2026-02-10 20:05:22,890 - __main__ - DEBUG - Request Args: ImmutableMultiDict([])
2026-02-10 20:05:22,904 - __main__ - DEBUG - Request Form: ImmutableMultiDict([])
2026-02-10 20:05:23,395 - werkzeug - INFO - 127.0.0.1 - - [10/Feb/2026 20:05:23] "[36mGET /static/script.js HTTP/1.1[0m" 304 -
2026-02-10 20:05:23,396 - werkzeug - INFO - 127.0.0.1 - - [10/Feb/2026 20:05:23] "[36mGET /static/style.css HTTP/1.1[0m" 304 -
2026-02-10 20:05:30,169 - __main__ - DEBUG - Request Endpoint: chat
2026-02-10 20:05:30,170 - __main__ - DEBUG - Request Method: POST
2026-02-10 20:05:30,171 - __main__ - DEBUG - Request Args: ImmutableMultiDict([])
2026-02-10 20:05:30,174 - __main__ - DEBUG - Request Form: ImmutableMultiDict([('message', 'my loans')])
2026-02-10 20:05:30,175 - chatbot.chatbot - DEBUG - Received message: my loans
2026-02-10 20:05:30,284 - werkzeug - INFO - 127.0.0.1 - - [10/Feb/2026 20:05:30] "POST /chat HTTP/1.1" 200 -
2026-02-10 20:05:59,531 - __main__ - DEBUG - Request Endpoint: chat
2026-02-10 20:05:59,532 - __main__ - DEBUG - Request Method: POST
2026-02-10 20:05:59,532 - __main__ - DEBUG - Request Args: ImmutableMultiDict([])
2026-02-10 20:05:59,534 - __main__ - DEBUG - Request Form: ImmutableMultiDict([('message', 'search title=hi author=hello')])
2026-02-10 20:05:59,534 - chatbot.chatbot - DEBUG - Received message: search title=hi author=hello
2026-02-10 20:05:59,536 - chatbot.chatbot - DEBUG - Searching books with title=hi author=hello
2026-02-10 20:05:59,742 - werkzeug - INFO - 127.0.0.1 - - [10/Feb/2026 20:05:59] "POST /chat HTTP/1.1" 200 -
2026-02-10 20:06:20,618 - __main__ - DEBUG - Request Endpoint: chat
2026-02-10 20:06:20,630 - __main__ - DEBUG - Request Method: POST
2026-02-10 20:06:20,732 - __main__ - DEBUG - Request Args: ImmutableMultiDict([])
2026-02-10 20:06:20,762 - __main__ - DEBUG - Request Form: ImmutableMultiDict([('message', 'availability 3')])
2026-02-10 20:06:20,764 - chatbot.chatbot - DEBUG - Received message: availability 3
2026-02-10 20:06:20,928 - werkzeug - INFO - 127.0.0.1 - - [10/Feb/2026 20:06:20] "POST /chat HTTP/1.1" 200 -
2026-02-10 20:11:09,390 - __main__ - DEBUG - Request Endpoint: chat
2026-02-10 20:11:09,397 - __main__ - DEBUG - Request Method: POST
2026-02-10 20:11:09,397 - __main__ - DEBUG - Request Args: ImmutableMultiDict([])
2026-02-10 20:11:09,398 - __main__ - DEBUG - Request Form: ImmutableMultiDict([('message', 'search title=clean code author=')])
2026-02-10 20:11:09,399 - chatbot.chatbot - DEBUG - Received message: search title=clean code author=
2026-02-10 20:11:09,400 - chatbot.chatbot - DEBUG - Searching books with title=clean code author=None
2026-02-10 20:11:09,482 - werkzeug - INFO - 127.0.0.1 - - [10/Feb/2026 20:11:09] "POST /chat HTTP/1.1" 200 -
2026-02-10 20:11:30,149 - __main__ - DEBUG - Request Endpoint: chat
2026-02-10 20:11:30,150 - __main__ - DEBUG - Request Method: POST
2026-02-10 20:11:30,151 - __main__ - DEBUG - Request Args: ImmutableMultiDict([])
2026-02-10 20:11:30,151 - __main__ - DEBUG - Request Form: ImmutableMultiDict([('message', 'clean code')])
2026-02-10 20:11:30,152 - chatbot.chatbot - DEBUG - Received message: clean code
2026-02-10 20:11:30,153 - werkzeug - INFO - 127.0.0.1 - - [10/Feb/2026 20:11:30] "POST /chat HTTP/1.1" 200 -
2026-02-10 20:11:42,245 - __main__ - DEBUG - Request Endpoint: chat
2026-02-10 20:11:42,246 - __main__ - DEBUG - Request Method: POST
2026-02-10 20:11:42,246 - __main__ - DEBUG - Request Args: ImmutableMultiDict([])
2026-02-10 20:11:42,247 - __main__ - DEBUG - Request Form: ImmutableMultiDict([('message', 'search title=clean code')])
2026-02-10 20:11:42,248 - chatbot.chatbot - DEBUG - Received message: search title=clean code
2026-02-10 20:11:42,249 - chatbot.chatbot - DEBUG - Searching books with title=clean code author=None
2026-02-10 20:11:42,342 - werkzeug - INFO - 127.0.0.1 - - [10/Feb/2026 20:11:42] "POST /chat HTTP/1.1" 200 -
2026-02-10 20:13:29,348 - __main__ - DEBUG - Request Endpoint: chat
2026-02-10 20:13:29,349 - __main__ - DEBUG - Request Method: POST
2026-02-10 20:13:29,350 - __main__ - DEBUG - Request Args: ImmutableMultiDict([])
2026-02-10 20:13:29,351 - __main__ - DEBUG - Request Form: ImmutableMultiDict([('message', 'borrow 2')])
2026-02-10 20:13:29,351 - chatbot.chatbot - DEBUG - Received message: borrow 2
2026-02-10 20:13:29,461 - werkzeug - INFO - 127.0.0.1 - - [10/Feb/2026 20:13:29] "POST /chat HTTP/1.1" 200 -
2026-02-10 20:13:38,492 - __main__ - DEBUG - Request Endpoint: chat
2026-02-10 20:13:38,493 - __main__ - DEBUG - Request Method: POST
2026-02-10 20:13:38,494 - __main__ - DEBUG - Request Args: ImmutableMultiDict([])
2026-02-10 20:13:38,495 - __main__ - DEBUG - Request Form: ImmutableMultiDict([('message', 'my loans')])
2026-02-10 20:13:38,495 - chatbot.chatbot - DEBUG - Received message: my loans
2026-02-10 20:13:38,580 - werkzeug - INFO - 127.0.0.1 - - [10/Feb/2026 20:13:38] "POST /chat HTTP/1.1" 200 -
2026-02-10 20:13:47,280 - __main__ - DEBUG - Request Endpoint: chat
2026-02-10 20:13:47,280 - __main__ - DEBUG - Request Method: POST
2026-02-10 20:13:47,281 - __main__ - DEBUG - Request Args: ImmutableMultiDict([])
2026-02-10 20:13:47,282 - __main__ - DEBUG - Request Form: ImmutableMultiDict([('message', 'return 3')])
2026-02-10 20:13:47,282 - chatbot.chatbot - DEBUG - Received message: return 3
2026-02-10 20:13:47,388 - werkzeug - INFO - 127.0.0.1 - - [10/Feb/2026 20:13:47] "POST /chat HTTP/1.1" 200 -
2026-02-10 20:17:45,972 - __main__ - DEBUG - Request Endpoint: index
2026-02-10 20:17:45,976 - __main__ - DEBUG - Request Method: GET
2026-02-10 20:17:45,980 - __main__ - DEBUG - Request Args: ImmutableMultiDict([])
2026-02-10 20:17:45,981 - __main__ - DEBUG - Request Form: ImmutableMultiDict([])
2026-02-10 20:17:45,985 - __main__ - INFO - Index route accessed.
2026-02-10 20:17:45,986 - __main__ - INFO - Username found in session. Rendering index.html.
2026-02-10 20:17:46,002 - werkzeug - INFO - 127.0.0.1 - - [10/Feb/2026 20:17:46] "GET / HTTP/1.1" 200 -
2026-02-10 20:17:46,062 - __main__ - DEBUG - Request Endpoint: static
2026-02-10 20:17:46,063 - __main__ - DEBUG - Request Method: GET
2026-02-10 20:17:46,064 - __main__ - DEBUG - Request Endpoint: static
2026-02-10 20:17:46,064 - __main__ - DEBUG - Request Args: ImmutableMultiDict([])
2026-02-10 20:17:46,064 - __main__ - DEBUG - Request Method: GET
2026-02-10 20:17:46,065 - __main__ - DEBUG - Request Form: ImmutableMultiDict([])
2026-02-10 20:17:46,065 - __main__ - DEBUG - Request Args: ImmutableMultiDict([])
2026-02-10 20:17:46,066 - __main__ - DEBUG - Request Form: ImmutableMultiDict([])
2026-02-10 20:17:46,067 - werkzeug - INFO - 127.0.0.1 - - [10/Feb/2026 20:17:46] "[36mGET /static/script.js HTTP/1.1[0m" 304 -
2026-02-10 20:17:46,073 - werkzeug - INFO - 127.0.0.1 - - [10/Feb/2026 20:17:46] "GET /static/style.css HTTP/1.1" 200 -
2026-02-10 20:18:34,761 - __main__ - DEBUG - Request Endpoint: logout
2026-02-10 20:18:34,763 - __main__ - DEBUG - Request Method: GET
2026-02-10 20:18:34,763 - __main__ - DEBUG - Request Args: ImmutableMultiDict([])
2026-02-10 20:18:34,764 - __main__ - DEBUG - Request Form: ImmutableMultiDict([])
2026-02-10 20:18:34,764 - __main__ - INFO - Logout route accessed. Clearing session.
2026-02-10 20:18:34,765 - __main__ - INFO - Session cleared. Redirecting to index.
2026-02-10 20:18:34,765 - werkzeug - INFO - 127.0.0.1 - - [10/Feb/2026 20:18:34] "[32mGET /logout HTTP/1.1[0m" 302 -
2026-02-10 20:18:34,796 - __main__ - DEBUG - Request Endpoint: index
2026-02-10 20:18:34,798 - __main__ - DEBUG - Request Method: GET
2026-02-10 20:18:34,798 - __main__ - DEBUG - Request Args: ImmutableMultiDict([])
2026-02-10 20:18:34,803 - __main__ - DEBUG - Request Form: ImmutableMultiDict([])
2026-02-10 20:18:34,805 - __main__ - INFO - Index route accessed.
2026-02-10 20:18:34,813 - __main__ - INFO - No username in session. Rendering set_username.html.
2026-02-10 20:18:34,817 - werkzeug - INFO - 127.0.0.1 - - [10/Feb/2026 20:18:34] "GET / HTTP/1.1" 200 -
2026-02-10 20:18:34,870 - __main__ - DEBUG - Request Endpoint: static
2026-02-10 20:18:34,871 - __main__ - DEBUG - Request Method: GET
2026-02-10 20:18:34,887 - __main__ - DEBUG - Request Args: ImmutableMultiDict([])
2026-02-10 20:18:34,876 - __main__ - DEBUG - Request Endpoint: static
2026-02-10 20:18:34,952 - __main__ - DEBUG - Request Form: ImmutableMultiDict([])
2026-02-10 20:18:35,026 - __main__ - DEBUG - Request Method: GET
2026-02-10 20:18:35,029 - __main__ - DEBUG - Request Args: ImmutableMultiDict([])
2026-02-10 20:18:35,032 - werkzeug - INFO - 127.0.0.1 - - [10/Feb/2026 20:18:35] "[36mGET /static/style.css HTTP/1.1[0m" 304 -
2026-02-10 20:18:35,032 - __main__ - DEBUG - Request Form: ImmutableMultiDict([])
2026-02-10 20:18:35,324 - werkzeug - INFO - 127.0.0.1 - - [10/Feb/2026 20:18:35] "[36mGET /static/script.js HTTP/1.1[0m" 304 -
2026-02-10 20:18:39,387 - __main__ - DEBUG - Request Endpoint: index
2026-02-10 20:18:39,387 - __main__ - DEBUG - Request Method: GET
2026-02-10 20:18:39,388 - __main__ - DEBUG - Request Args: ImmutableMultiDict([])
2026-02-10 20:18:39,388 - __main__ - DEBUG - Request Form: ImmutableMultiDict([])
2026-02-10 20:18:39,397 - __main__ - INFO - Index route accessed.
2026-02-10 20:18:39,397 - __main__ - INFO - No username in session. Rendering set_username.html.
2026-02-10 20:18:39,400 - werkzeug - INFO - 127.0.0.1 - - [10/Feb/2026 20:18:39] "GET / HTTP/1.1" 200 -
2026-02-10 20:18:39,438 - __main__ - DEBUG - Request Endpoint: static
2026-02-10 20:18:39,440 - __main__ - DEBUG - Request Method: GET
2026-02-10 20:18:39,443 - __main__ - DEBUG - Request Args: ImmutableMultiDict([])
2026-02-10 20:18:39,442 - __main__ - DEBUG - Request Endpoint: static
2026-02-10 20:18:39,444 - __main__ - DEBUG - Request Method: GET
2026-02-10 20:18:39,444 - __main__ - DEBUG - Request Form: ImmutableMultiDict([])
2026-02-10 20:18:39,445 - __main__ - DEBUG - Request Args: ImmutableMultiDict([])
2026-02-10 20:18:39,447 - __main__ - DEBUG - Request Form: ImmutableMultiDict([])
2026-02-10 20:18:39,447 - werkzeug - INFO - 127.0.0.1 - - [10/Feb/2026 20:18:39] "[36mGET /static/style.css HTTP/1.1[0m" 304 -
2026-02-10 20:18:39,449 - werkzeug - INFO - 127.0.0.1 - - [10/Feb/2026 20:18:39] "[36mGET /static/script.js HTTP/1.1[0m" 304 -
2026-02-10 20:18:40,344 - __main__ - DEBUG - Request Endpoint: index
2026-02-10 20:18:40,345 - __main__ - DEBUG - Request Method: GET
2026-02-10 20:18:40,346 - __main__ - DEBUG - Request Args: ImmutableMultiDict([])
2026-02-10 20:18:40,346 - __main__ - DEBUG - Request Form: ImmutableMultiDict([])
2026-02-10 20:18:40,347 - __main__ - INFO - Index route accessed.
2026-02-10 20:18:40,347 - __main__ - INFO - No username in session. Rendering set_username.html.
2026-02-10 20:18:40,348 - werkzeug - INFO - 127.0.0.1 - - [10/Feb/2026 20:18:40] "GET / HTTP/1.1" 200 -
2026-02-10 20:18:40,383 - __main__ - DEBUG - Request Endpoint: static
2026-02-10 20:18:40,384 - __main__ - DEBUG - Request Method: GET
2026-02-10 20:18:40,387 - __main__ - DEBUG - Request Endpoint: static
2026-02-10 20:18:40,387 - __main__ - DEBUG - Request Args: ImmutableMultiDict([])
2026-02-10 20:18:40,388 - __main__ - DEBUG - Request Form: ImmutableMultiDict([])
2026-02-10 20:18:40,388 - __main__ - DEBUG - Request Method: GET
2026-02-10 20:18:40,395 - __main__ - DEBUG - Request Args: ImmutableMultiDict([])
2026-02-10 20:18:40,397 - __main__ - DEBUG - Request Form: ImmutableMultiDict([])
2026-02-10 20:18:40,397 - werkzeug - INFO - 127.0.0.1 - - [10/Feb/2026 20:18:40] "[36mGET /static/style.css HTTP/1.1[0m" 304 -
2026-02-10 20:18:40,401 - werkzeug - INFO - 127.0.0.1 - - [10/Feb/2026 20:18:40] "[36mGET /static/script.js HTTP/1.1[0m" 304 -
2026-02-10 20:18:49,131 - __main__ - DEBUG - Request Endpoint: index
2026-02-10 20:18:49,131 - __main__ - DEBUG - Request Method: GET
2026-02-10 20:18:49,131 - __main__ - DEBUG - Request Args: ImmutableMultiDict([])
2026-02-10 20:18:49,132 - __main__ - DEBUG - Request Form: ImmutableMultiDict([])
2026-02-10 20:18:49,133 - __main__ - INFO - Index route accessed.
2026-02-10 20:18:49,133 - __main__ - INFO - No username in session. Rendering set_username.html.
2026-02-10 20:18:49,134 - werkzeug - INFO - 127.0.0.1 - - [10/Feb/2026 20:18:49] "GET / HTTP/1.1" 200 -
2026-02-10 20:18:49,209 - __main__ - DEBUG - Request Endpoint: static
2026-02-10 20:18:49,210 - __main__ - DEBUG - Request Endpoint: static
2026-02-10 20:18:49,210 - __main__ - DEBUG - Request Method: GET
2026-02-10 20:18:49,210 - __main__ - DEBUG - Request Method: GET
2026-02-10 20:18:49,211 - __main__ - DEBUG - Request Args: ImmutableMultiDict([])
2026-02-10 20:18:49,211 - __main__ - DEBUG - Request Args: ImmutableMultiDict([])
2026-02-10 20:18:49,212 - __main__ - DEBUG - Request Form: ImmutableMultiDict([])
2026-02-10 20:18:49,212 - __main__ - DEBUG - Request Form: ImmutableMultiDict([])
2026-02-10 20:18:49,214 - werkzeug - INFO - 127.0.0.1 - - [10/Feb/2026 20:18:49] "[36mGET /static/style.css HTTP/1.1[0m" 304 -
2026-02-10 20:18:49,215 - werkzeug - INFO - 127.0.0.1 - - [10/Feb/2026 20:18:49] "[36mGET /static/script.js HTTP/1.1[0m" 304 -
2026-02-10 20:18:50,271 - __main__ - DEBUG - Request Endpoint: index
2026-02-10 20:18:50,271 - __main__ - DEBUG - Request Method: GET
2026-02-10 20:18:50,274 - __main__ - DEBUG - Request Args: ImmutableMultiDict([])
2026-02-10 20:18:50,275 - __main__ - DEBUG - Request Form: ImmutableMultiDict([])
2026-02-10 20:18:50,275 - __main__ - INFO - Index route accessed.
2026-02-10 20:18:50,275 - __main__ - INFO - No username in session. Rendering set_username.html.
2026-02-10 20:18:50,276 - werkzeug - INFO - 127.0.0.1 - - [10/Feb/2026 20:18:50] "GET / HTTP/1.1" 200 -
2026-02-10 20:18:50,312 - __main__ - DEBUG - Request Endpoint: static
2026-02-10 20:18:50,313 - __main__ - DEBUG - Request Method: GET
2026-02-10 20:18:50,314 - __main__ - DEBUG - Request Endpoint: static
2026-02-10 20:18:50,314 - __main__ - DEBUG - Request Args: ImmutableMultiDict([])
2026-02-10 20:18:50,314 - __main__ - DEBUG - Request Method: GET
2026-02-10 20:18:50,315 - __main__ - DEBUG - Request Args: ImmutableMultiDict([])
2026-02-10 20:18:50,315 - __main__ - DEBUG - Request Form: ImmutableMultiDict([])
2026-02-10 20:18:50,316 - __main__ - DEBUG - Request Form: ImmutableMultiDict([])
2026-02-10 20:18:50,320 - werkzeug - INFO - 127.0.0.1 - - [10/Feb/2026 20:18:50] "[36mGET /static/style.css HTTP/1.1[0m" 304 -
2026-02-10 20:18:50,321 - werkzeug - INFO - 127.0.0.1 - - [10/Feb/2026 20:18:50] "[36mGET /static/script.js HTTP/1.1[0m" 304 -
2026-02-10 20:21:23,521 - __main__ - DEBUG - Request Endpoint: index
2026-02-10 20:21:23,525 - __main__ - DEBUG - Request Method: GET
2026-02-10 20:21:23,525 - __main__ - DEBUG - Request Args: ImmutableMultiDict([])
2026-02-10 20:21:23,526 - __main__ - DEBUG - Request Form: ImmutableMultiDict([])
2026-02-10 20:21:23,527 - __main__ - INFO - Index route accessed.
2026-02-10 20:21:23,527 - __main__ - INFO - No username in session. Rendering set_username.html.
2026-02-10 20:21:23,540 - werkzeug - INFO - 127.0.0.1 - - [10/Feb/2026 20:21:23] "GET / HTTP/1.1" 200 -
2026-02-10 20:21:23,581 - __main__ - DEBUG - Request Endpoint: static
2026-02-10 20:21:23,586 - __main__ - DEBUG - Request Method: GET
2026-02-10 20:21:23,587 - __main__ - DEBUG - Request Args: ImmutableMultiDict([])
2026-02-10 20:21:23,587 - __main__ - DEBUG - Request Endpoint: static
2026-02-10 20:21:23,588 - __main__ - DEBUG - Request Method: GET
2026-02-10 20:21:23,588 - __main__ - DEBUG - Request Form: ImmutableMultiDict([])
2026-02-10 20:21:23,588 - __main__ - DEBUG - Request Args: ImmutableMultiDict([])
2026-02-10 20:21:23,589 - __main__ - DEBUG - Request Form: ImmutableMultiDict([])
2026-02-10 20:21:23,591 - werkzeug - INFO - 127.0.0.1 - - [10/Feb/2026 20:21:23] "[36mGET /static/script.js HTTP/1.1[0m" 304 -
2026-02-10 20:21:23,621 - werkzeug - INFO - 127.0.0.1 - - [10/Feb/2026 20:21:23] "GET /static/style.css HTTP/1.1" 200 -
2026-02-10 20:21:48,909 - __main__ - DEBUG - Request Endpoint: set_username
2026-02-10 20:21:48,910 - __main__ - DEBUG - Request Method: POST
2026-02-10 20:21:48,910 - __main__ - DEBUG - Request Args: ImmutableMultiDict([])
2026-02-10 20:21:48,911 - __main__ - DEBUG - Request Form: ImmutableMultiDict([('username', 'MS Dhoni')])
2026-02-10 20:21:48,912 - werkzeug - INFO - 127.0.0.1 - - [10/Feb/2026 20:21:48] "[32mPOST /set_username HTTP/1.1[0m" 302 -
2026-02-10 20:21:48,955 - __main__ - DEBUG - Request Endpoint: index
2026-02-10 20:21:48,957 - __main__ - DEBUG - Request Method: GET
2026-02-10 20:21:48,980 - __main__ - DEBUG - Request Args: ImmutableMultiDict([])
2026-02-10 20:21:49,004 - __main__ - DEBUG - Request Form: ImmutableMultiDict([])
2026-02-10 20:21:49,013 - __main__ - INFO - Index route accessed.
2026-02-10 20:21:49,020 - __main__ - INFO - Username found in session. Rendering index.html.
2026-02-10 20:21:49,155 - werkzeug - INFO - 127.0.0.1 - - [10/Feb/2026 20:21:49] "GET / HTTP/1.1" 200 -
2026-02-10 20:21:49,331 - __main__ - DEBUG - Request Endpoint: static
2026-02-10 20:21:49,338 - __main__ - DEBUG - Request Method: GET
2026-02-10 20:21:49,349 - __main__ - DEBUG - Request Args: ImmutableMultiDict([])
2026-02-10 20:21:49,348 - __main__ - DEBUG - Request Endpoint: static
2026-02-10 20:21:49,354 - __main__ - DEBUG - Request Method: GET
2026-02-10 20:21:49,351 - __main__ - DEBUG - Request Form: ImmutableMultiDict([])
2026-02-10 20:21:49,354 - __main__ - DEBUG - Request Args: ImmutableMultiDict([])
2026-02-10 20:21:49,477 - __main__ - DEBUG - Request Form: ImmutableMultiDict([])
2026-02-10 20:21:49,488 - werkzeug - INFO - 127.0.0.1 - - [10/Feb/2026 20:21:49] "[36mGET /static/script.js HTTP/1.1[0m" 304 -
2026-02-10 20:21:49,489 - werkzeug - INFO - 127.0.0.1 - - [10/Feb/2026 20:21:49] "[36mGET /static/style.css HTTP/1.1[0m" 304 -
2026-02-10 20:22:06,041 - __main__ - DEBUG - Request Endpoint: chat
2026-02-10 20:22:06,041 - __main__ - DEBUG - Request Method: POST
2026-02-10 20:22:06,042 - __main__ - DEBUG - Request Args: ImmutableMultiDict([])
2026-02-10 20:22:06,043 - __main__ - DEBUG - Request Form: ImmutableMultiDict([('message', 'search title=harry potter')])
2026-02-10 20:22:06,043 - chatbot.chatbot - DEBUG - Received message: search title=harry potter
2026-02-10 20:22:06,044 - chatbot.chatbot - DEBUG - Searching books with title=harry potter author=None
2026-02-10 20:22:06,155 - werkzeug - INFO - 127.0.0.1 - - [10/Feb/2026 20:22:06] "POST /chat HTTP/1.1" 200 -
2026-02-10 20:22:18,402 - __main__ - DEBUG - Request Endpoint: chat
2026-02-10 20:22:18,403 - __main__ - DEBUG - Request Method: POST
2026-02-10 20:22:18,404 - __main__ - DEBUG - Request Args: ImmutableMultiDict([])
2026-02-10 20:22:18,404 - __main__ - DEBUG - Request Form: ImmutableMultiDict([('message', 'borrow 16')])
2026-02-10 20:22:18,405 - chatbot.chatbot - DEBUG - Received message: borrow 16
2026-02-10 20:22:18,516 - werkzeug - INFO - 127.0.0.1 - - [10/Feb/2026 20:22:18] "POST /chat HTTP/1.1" 200 -
2026-02-10 20:22:23,313 - __main__ - DEBUG - Request Endpoint: chat
2026-02-10 20:22:23,313 - __main__ - DEBUG - Request Method: POST
2026-02-10 20:22:23,314 - __main__ - DEBUG - Request Args: ImmutableMultiDict([])
2026-02-10 20:22:23,315 - __main__ - DEBUG - Request Form: ImmutableMultiDict([('message', 'my loans')])
2026-02-10 20:22:23,315 - chatbot.chatbot - DEBUG - Received message: my loans
2026-02-10 20:22:23,396 - werkzeug - INFO - 127.0.0.1 - - [10/Feb/2026 20:22:23] "POST /chat HTTP/1.1" 200 -
2026-02-10 20:22:29,616 - __main__ - DEBUG - Request Endpoint: chat
2026-02-10 20:22:29,617 - __main__ - DEBUG - Request Method: POST
2026-02-10 20:22:29,618 - __main__ - DEBUG - Request Args: ImmutableMultiDict([])
2026-02-10 20:22:29,619 - __main__ - DEBUG - Request Form: ImmutableMultiDict([('message', 'return 4')])
2026-02-10 20:22:29,619 - chatbot.chatbot - DEBUG - Received message: return 4
2026-02-10 20:22:29,738 - werkzeug - INFO - 127.0.0.1 - - [10/Feb/2026 20:22:29] "POST /chat HTTP/1.1" 200 -
2026-02-10 20:22:38,292 - __main__ - DEBUG - Request Endpoint: chat
2026-02-10 20:22:38,293 - __main__ - DEBUG - Request Method: POST
2026-02-10 20:22:38,297 - __main__ - DEBUG - Request Args: ImmutableMultiDict([])
2026-02-10 20:22:38,298 - __main__ - DEBUG - Request Form: ImmutableMultiDict([('message', 'bye')])
2026-02-10 20:22:38,333 - chatbot.chatbot - DEBUG - Received message: bye
2026-02-10 20:22:38,337 - werkzeug - INFO - 127.0.0.1 - - [10/Feb/2026 20:22:38] "POST /chat HTTP/1.1" 200 -
